
             SystemC 2.2.0 --- Nov 20 2016 16:31:03
        Copyright (c) 1996-2006 by all Contributors
                    ALL RIGHTS RESERVED
./data/route.txt

             SystemC 2.2.0 --- Nov 20 2016 16:31:03
        Copyright (c) 1996-2006 by all Contributors
                    ALL RIGHTS RESERVED
./data/route.txt



             SystemC 2.2.0 --- Nov 20 2016 16:31:03             SystemC 2.2.0 --- Nov 20 2016 16:31:03

        Copyright (c) 1996-2006 by all Contributors
                    ALL RIGHTS RESERVED             SystemC 2.2.0 --- Nov 20 2016 16:31:03        Copyright (c) 1996-2006 by all Contributors
                    ALL RIGHTS RESERVED


        Copyright (c) 1996-2006 by all Contributors
                    ALL RIGHTS RESERVED
./data/route.txt
./data/route.txt
./data/route.txt

Starting Simulation


Terminating Simulation

#output#0	0.62	55	0.005	0	23.3472	2.42315e+06	74.0977	5.71796e+10	204.288	158.787	

Starting Simulation


Terminating Simulation

#output#1	0.62	55	0.005	0	25.3532	5226.25	46.139	147012	195.281	290.257	

Starting Simulation


Terminating Simulation

#output#3	0.62	55	0.005	0	25.2126	5161.03	46.579	179959	195.961	390.92	

Starting Simulation


Terminating Simulation

#output#2	0.62	55	0.005	0	25.9242	5032.55	45.3715	103326	188.404	455.865	
